2023-10-23 23:49:03.918 +03:00 [INF] Entity Framework Core 6.0.16 initialized 'XtraWorkContext' using provider 'Microsoft.EntityFrameworkCore.SqlServer:6.0.16' with options: None
2023-10-23 23:49:04.291 +03:00 [INF] Executed DbCommand (17ms) [Parameters=[], CommandType='"Text"', CommandTimeout='30']
SELECT 1
2023-10-23 23:49:04.331 +03:00 [INF] Executed DbCommand (31ms) [Parameters=[], CommandType='"Text"', CommandTimeout='30']

IF EXISTS
    (SELECT *
     FROM [sys].[objects] o
     WHERE [o].[type] = 'U'
     AND [o].[is_ms_shipped] = 0
     AND NOT EXISTS (SELECT *
         FROM [sys].[extended_properties] AS [ep]
         WHERE [ep].[major_id] = [o].[object_id]
             AND [ep].[minor_id] = 0
             AND [ep].[class] = 1
             AND [ep].[name] = N'microsoft_database_tools_support'
    )
)
SELECT 1 ELSE SELECT 0
2023-10-23 23:49:04.539 +03:00 [INF] Now listening on: https://localhost:7283
2023-10-23 23:49:04.539 +03:00 [INF] Now listening on: http://localhost:5266
2023-10-23 23:49:04.541 +03:00 [INF] Application started. Press Ctrl+C to shut down.
2023-10-23 23:49:04.541 +03:00 [INF] Hosting environment: Development
2023-10-23 23:49:04.541 +03:00 [INF] Content root path: /Users/ivangamanovich/IGM/Programming/FullApps/xtra-work-app/XtraWork/
2023-10-23 23:49:05.739 +03:00 [INF] Request starting HTTP/1.1 GET https://localhost:7283/swagger/index.html - -
2023-10-23 23:49:05.908 +03:00 [INF] Request finished HTTP/1.1 GET https://localhost:7283/swagger/index.html - - - 200 - text/html;charset=utf-8 172.6417ms
2023-10-23 23:49:05.928 +03:00 [INF] Request starting HTTP/1.1 GET https://localhost:7283/swagger/swagger-ui-bundle.js - -
2023-10-23 23:49:06.079 +03:00 [INF] Sending file. Request path: '/swagger-ui-bundle.js'. Physical path: 'N/A'
2023-10-23 23:49:06.083 +03:00 [INF] Request finished HTTP/1.1 GET https://localhost:7283/swagger/swagger-ui-bundle.js - - - 200 1061536 application/javascript 155.0288ms
2023-10-23 23:49:06.605 +03:00 [INF] Request starting HTTP/1.1 GET https://localhost:7283/swagger/v1/swagger.json - -
2023-10-23 23:49:06.705 +03:00 [INF] Request finished HTTP/1.1 GET https://localhost:7283/swagger/v1/swagger.json - - - 200 - application/json;charset=utf-8 100.1387ms
2023-10-23 23:49:11.431 +03:00 [INF] Request starting HTTP/1.1 GET https://localhost:7283/title - -
2023-10-23 23:49:11.447 +03:00 [INF] Executing endpoint 'XtraWork.Controllers.TitleController.GetAll (XtraWork)'
2023-10-23 23:49:11.468 +03:00 [INF] Route matched with {action = "GetAll", controller = "Title"}. Executing controller action with signature System.Threading.Tasks.Task`1[Microsoft.AspNetCore.Mvc.ActionResult`1[System.Collections.Generic.List`1[XtraWork.Responses.TitleResponse]]] GetAll() on controller XtraWork.Controllers.TitleController (XtraWork).
2023-10-23 23:49:11.478 +03:00 [INF] Entity Framework Core 6.0.16 initialized 'XtraWorkContext' using provider 'Microsoft.EntityFrameworkCore.SqlServer:6.0.16' with options: None
2023-10-23 23:49:11.731 +03:00 [INF] Executed DbCommand (24ms) [Parameters=[], CommandType='"Text"', CommandTimeout='30']
SELECT [t].[Id], [t].[Description]
FROM [Titles] AS [t]
2023-10-23 23:49:11.755 +03:00 [INF] Executing OkObjectResult, writing value of type 'System.Collections.Generic.List`1[[XtraWork.Responses.TitleResponse, XtraWork, Version=1.0.0.0, Culture=neutral, PublicKeyToken=null]]'.
2023-10-23 23:49:11.763 +03:00 [INF] Executed action XtraWork.Controllers.TitleController.GetAll (XtraWork) in 289.2259ms
2023-10-23 23:49:11.764 +03:00 [INF] Executed endpoint 'XtraWork.Controllers.TitleController.GetAll (XtraWork)'
2023-10-23 23:49:11.772 +03:00 [INF] Request finished HTTP/1.1 GET https://localhost:7283/title - - - 200 - application/json;+charset=utf-8 341.1065ms
